[2m2022-11-25 00:29:00.836[0;39m [31mERROR[0;39m [35m8928[0;39m [2m---[0;39m [2m[nio-9999-exec-9][0;39m [36mc.s.h.model.service.JwtServiceImpl      [0;39m [2m:[0;39m JWT expired at 2022-11-24T23:26:43Z. Current time: 2022-11-25T00:29:00Z, a difference of 3737836 milliseconds.  Allowed clock skew: 0 milliseconds.
[2m2022-11-25 00:29:00.850[0;39m [31mERROR[0;39m [35m8928[0;39m [2m---[0;39m [2m[nio-9999-exec-9][0;39m [36mc.s.h.controller.UserController         [0;39m [2m:[0;39m 사용 불가능 토큰!!!
[2m2022-11-25 00:29:00.858[0;39m [32mDEBUG[0;39m [35m8928[0;39m [2m---[0;39m [2m[nio-9999-exec-7][0;39m [36mc.s.h.controller.UserController         [0;39m [2m:[0;39m token : eyJ0eXAiOiJKV1QiLCJyZWdEYXRlIjoxNjY5Mjk5OTQzOTQ1LCJhbGciOiJIUzI1NiJ9.eyJleHAiOjE2NzA1MDk1NDMsInN1YiI6InJlZnJlc2gtdG9rZW4iLCJ1c2VyaWQiOiJkb2JieV9pc19mcmVlIn0.rvIgGLoQpFGWBfAcZeJckJ9dmd-FFSj-lyrZTT-F2qs, userDto : UserDto [userid=dobby_is_free, username=dobby, userpwd=null, email=dobby@happy.com, joindate=2022-11-24 23:24:40]
[2m2022-11-25 00:29:00.863[0;39m [32mDEBUG[0;39m [35m8928[0;39m [2m---[0;39m [2m[nio-9999-exec-7][0;39m [36mc.s.h.controller.UserController         [0;39m [2m:[0;39m token : eyJ0eXAiOiJKV1QiLCJyZWdEYXRlIjoxNjY5MzAzNzQwODYzLCJhbGciOiJIUzI1NiJ9.eyJleHAiOjE2NjkzMDM4MDAsInN1YiI6ImFjY2Vzcy10b2tlbiIsInVzZXJpZCI6ImRvYmJ5X2lzX2ZyZWUifQ.rw9ukGrJe9RNcvAC5OIsIWujsOL0zi7gh5NfUgOhNu4
[2m2022-11-25 00:29:00.863[0;39m [32mDEBUG[0;39m [35m8928[0;39m [2m---[0;39m [2m[nio-9999-exec-7][0;39m [36mc.s.h.controller.UserController         [0;39m [2m:[0;39m 정상적으로 액세스토큰 재발급!!!
[2m2022-11-25 00:29:00.999[0;39m [32m INFO[0;39m [35m8928[0;39m [2m---[0;39m [2m[nio-9999-exec-8][0;39m [36mc.s.h.controller.BoardController        [0;39m [2m:[0;39m listUserArticle - 호출
[2m2022-11-25 00:29:01.005[0;39m [32mDEBUG[0;39m [35m8928[0;39m [2m---[0;39m [2m[nio-9999-exec-6][0;39m [36mc.s.h.controller.CommentController      [0;39m [2m:[0;39m getUserComment - 호출
[2m2022-11-25 00:31:13.090[0;39m [32m INFO[0;39m [35m8928[0;39m [2m---[0;39m [2m[nio-9999-exec-9][0;39m [36mc.s.h.controller.BoardController        [0;39m [2m:[0;39m listArticle - 호출
[2m2022-11-25 00:31:13.090[0;39m [32m INFO[0;39m [35m8928[0;39m [2m---[0;39m [2m[nio-9999-exec-9][0;39m [36mc.s.h.controller.BoardController        [0;39m [2m:[0;39m boardParameterDto:BoardParameterDto [pg=1, spp=20, start=0, key=, word=]
[2m2022-11-25 00:31:18.847[0;39m [32mDEBUG[0;39m [35m8928[0;39m [2m---[0;39m [2m[nio-9999-exec-8][0;39m [36mc.s.h.controller.CommentController      [0;39m [2m:[0;39m listComment - 호출
[2m2022-11-25 00:31:18.847[0;39m [32m INFO[0;39m [35m8928[0;39m [2m---[0;39m [2m[nio-9999-exec-1][0;39m [36mc.s.h.controller.BoardController        [0;39m [2m:[0;39m getArticle - 호출 : 5
[2m2022-11-25 00:31:29.424[0;39m [32mDEBUG[0;39m [35m8928[0;39m [2m---[0;39m [2m[nio-9999-exec-6][0;39m [36mc.s.h.controller.CommentController      [0;39m [2m:[0;39m createComment - 호출
[2m2022-11-25 00:31:29.456[0;39m [32mDEBUG[0;39m [35m8928[0;39m [2m---[0;39m [2m[nio-9999-exec-3][0;39m [36mc.s.h.controller.CommentController      [0;39m [2m:[0;39m listComment - 호출
[2m2022-11-25 00:31:40.033[0;39m [32mDEBUG[0;39m [35m8928[0;39m [2m---[0;39m [2m[nio-9999-exec-5][0;39m [36mc.s.h.controller.CommentController      [0;39m [2m:[0;39m deleteComment - 호출
[2m2022-11-25 00:31:40.055[0;39m [32mDEBUG[0;39m [35m8928[0;39m [2m---[0;39m [2m[nio-9999-exec-9][0;39m [36mc.s.h.controller.CommentController      [0;39m [2m:[0;39m listComment - 호출
[2m2022-11-25 00:31:57.935[0;39m [32mDEBUG[0;39m [35m8928[0;39m [2m---[0;39m [2m[io-9999-exec-10][0;39m [36mc.s.h.controller.CommentController      [0;39m [2m:[0;39m createComment - 호출
[2m2022-11-25 00:31:57.955[0;39m [32mDEBUG[0;39m [35m8928[0;39m [2m---[0;39m [2m[nio-9999-exec-7][0;39m [36mc.s.h.controller.CommentController      [0;39m [2m:[0;39m listComment - 호출
[2m2022-11-25 00:33:06.109[0;39m [31mERROR[0;39m [35m8928[0;39m [2m---[0;39m [2m[nio-9999-exec-4][0;39m [36mc.s.h.model.service.JwtServiceImpl      [0;39m [2m:[0;39m JWT expired at 2022-11-25T00:30:00Z. Current time: 2022-11-25T00:33:06Z, a difference of 186109 milliseconds.  Allowed clock skew: 0 milliseconds.
[2m2022-11-25 00:33:06.109[0;39m [31mERROR[0;39m [35m8928[0;39m [2m---[0;39m [2m[nio-9999-exec-4][0;39m [36mc.s.h.controller.UserController         [0;39m [2m:[0;39m 사용 불가능 토큰!!!
[2m2022-11-25 00:33:06.114[0;39m [32mDEBUG[0;39m [35m8928[0;39m [2m---[0;39m [2m[nio-9999-exec-6][0;39m [36mc.s.h.controller.UserController         [0;39m [2m:[0;39m token : eyJ0eXAiOiJKV1QiLCJyZWdEYXRlIjoxNjY5Mjk5OTQzOTQ1LCJhbGciOiJIUzI1NiJ9.eyJleHAiOjE2NzA1MDk1NDMsInN1YiI6InJlZnJlc2gtdG9rZW4iLCJ1c2VyaWQiOiJkb2JieV9pc19mcmVlIn0.rvIgGLoQpFGWBfAcZeJckJ9dmd-FFSj-lyrZTT-F2qs, userDto : UserDto [userid=dobby_is_free, username=dobby, userpwd=null, email=dobby@happy.com, joindate=2022-11-24 23:24:40]
[2m2022-11-25 00:33:06.116[0;39m [32mDEBUG[0;39m [35m8928[0;39m [2m---[0;39m [2m[nio-9999-exec-6][0;39m [36mc.s.h.controller.UserController         [0;39m [2m:[0;39m token : eyJ0eXAiOiJKV1QiLCJyZWdEYXRlIjoxNjY5MzAzOTg2MTE2LCJhbGciOiJIUzI1NiJ9.eyJleHAiOjE2NjkzMDQwNDYsInN1YiI6ImFjY2Vzcy10b2tlbiIsInVzZXJpZCI6ImRvYmJ5X2lzX2ZyZWUifQ.WQtXnuoRKerZOBmE1Wgx3ylDawDDAv3vcUsTpJ4dTIk
[2m2022-11-25 00:33:06.117[0;39m [32mDEBUG[0;39m [35m8928[0;39m [2m---[0;39m [2m[nio-9999-exec-6][0;39m [36mc.s.h.controller.UserController         [0;39m [2m:[0;39m 정상적으로 액세스토큰 재발급!!!
[2m2022-11-25 00:33:06.237[0;39m [32m INFO[0;39m [35m8928[0;39m [2m---[0;39m [2m[nio-9999-exec-3][0;39m [36mc.s.h.controller.BoardController        [0;39m [2m:[0;39m listUserArticle - 호출
[2m2022-11-25 00:33:06.240[0;39m [32mDEBUG[0;39m [35m8928[0;39m [2m---[0;39m [2m[nio-9999-exec-2][0;39m [36mc.s.h.controller.CommentController      [0;39m [2m:[0;39m getUserComment - 호출
[2m2022-11-25 00:33:12.198[0;39m [32mDEBUG[0;39m [35m8928[0;39m [2m---[0;39m [2m[nio-9999-exec-9][0;39m [36mc.s.h.controller.CommentController      [0;39m [2m:[0;39m listComment - 호출
[2m2022-11-25 00:33:12.199[0;39m [32m INFO[0;39m [35m8928[0;39m [2m---[0;39m [2m[nio-9999-exec-5][0;39m [36mc.s.h.controller.BoardController        [0;39m [2m:[0;39m getArticle - 호출 : 5
[2m2022-11-25 00:33:15.271[0;39m [32m INFO[0;39m [35m8928[0;39m [2m---[0;39m [2m[io-9999-exec-10][0;39m [36mc.s.h.controller.UserController         [0;39m [2m:[0;39m 사용 가능한 토큰!!!
[2m2022-11-25 00:33:15.404[0;39m [32m INFO[0;39m [35m8928[0;39m [2m---[0;39m [2m[nio-9999-exec-7][0;39m [36mc.s.h.controller.BoardController        [0;39m [2m:[0;39m listUserArticle - 호출
[2m2022-11-25 00:33:15.405[0;39m [32mDEBUG[0;39m [35m8928[0;39m [2m---[0;39m [2m[nio-9999-exec-8][0;39m [36mc.s.h.controller.CommentController      [0;39m [2m:[0;39m getUserComment - 호출
[2m2022-11-25 00:33:18.918[0;39m [32m INFO[0;39m [35m8928[0;39m [2m---[0;39m [2m[nio-9999-exec-4][0;39m [36mc.s.h.controller.UserController         [0;39m [2m:[0;39m listQnA - 호출
[2m2022-11-25 00:33:18.918[0;39m [32m INFO[0;39m [35m8928[0;39m [2m---[0;39m [2m[nio-9999-exec-4][0;39m [36mc.s.h.controller.UserController         [0;39m [2m:[0;39m boardParameterDto:BoardParameterDto [pg=1, spp=20, start=0, key=, word=]
[2m2022-11-25 00:33:21.702[0;39m [32m INFO[0;39m [35m8928[0;39m [2m---[0;39m [2m[nio-9999-exec-3][0;39m [36mc.s.h.controller.HouseMapController     [0;39m [2m:[0;39m sido - 호출[SidoGugunCodeDto [regionCode=11, regionName=서울특별시], SidoGugunCodeDto [regionCode=26, regionName=부산광역시], SidoGugunCodeDto [regionCode=27, regionName=대구광역시], SidoGugunCodeDto [regionCode=28, regionName=인천광역시], SidoGugunCodeDto [regionCode=29, regionName=광주광역시], SidoGugunCodeDto [regionCode=30, regionName=대전광역시], SidoGugunCodeDto [regionCode=31, regionName=울산광역시], SidoGugunCodeDto [regionCode=36, regionName=세종특별자치시], SidoGugunCodeDto [regionCode=41, regionName=경기도], SidoGugunCodeDto [regionCode=42, regionName=강원도], SidoGugunCodeDto [regionCode=43, regionName=충청북도], SidoGugunCodeDto [regionCode=44, regionName=충청남도], SidoGugunCodeDto [regionCode=45, regionName=전라북도], SidoGugunCodeDto [regionCode=46, regionName=전라남도], SidoGugunCodeDto [regionCode=47, regionName=경상북도], SidoGugunCodeDto [regionCode=48, regionName=경상남도], SidoGugunCodeDto [regionCode=50, regionName=제주특별자치도]]
[2m2022-11-25 00:33:23.154[0;39m [32m INFO[0;39m [35m8928[0;39m [2m---[0;39m [2m[nio-9999-exec-2][0;39m [36mc.s.h.controller.UserController         [0;39m [2m:[0;39m listQnA - 호출
[2m2022-11-25 00:33:23.154[0;39m [32m INFO[0;39m [35m8928[0;39m [2m---[0;39m [2m[nio-9999-exec-2][0;39m [36mc.s.h.controller.UserController         [0;39m [2m:[0;39m boardParameterDto:BoardParameterDto [pg=1, spp=20, start=0, key=, word=]
[2m2022-11-25 00:33:24.388[0;39m [32m INFO[0;39m [35m8928[0;39m [2m---[0;39m [2m[nio-9999-exec-5][0;39m [36mc.s.h.controller.UserController         [0;39m [2m:[0;39m getQnA - 호출 : 1
[2m2022-11-25 00:33:25.121[0;39m [32m INFO[0;39m [35m8928[0;39m [2m---[0;39m [2m[io-9999-exec-10][0;39m [36mc.s.h.controller.UserController         [0;39m [2m:[0;39m getQnA - 호출 : 1
[2m2022-11-25 00:34:18.632[0;39m [31mERROR[0;39m [35m8928[0;39m [2m---[0;39m [2m[nio-9999-exec-8][0;39m [36mc.s.h.model.service.JwtServiceImpl      [0;39m [2m:[0;39m JWT expired at 2022-11-25T00:34:06Z. Current time: 2022-11-25T00:34:18Z, a difference of 12632 milliseconds.  Allowed clock skew: 0 milliseconds.
[2m2022-11-25 00:34:18.632[0;39m [31mERROR[0;39m [35m8928[0;39m [2m---[0;39m [2m[nio-9999-exec-8][0;39m [36mc.s.h.controller.UserController         [0;39m [2m:[0;39m 사용 불가능 토큰!!!
[2m2022-11-25 00:34:18.637[0;39m [32mDEBUG[0;39m [35m8928[0;39m [2m---[0;39m [2m[nio-9999-exec-1][0;39m [36mc.s.h.controller.UserController         [0;39m [2m:[0;39m token : eyJ0eXAiOiJKV1QiLCJyZWdEYXRlIjoxNjY5Mjk5OTQzOTQ1LCJhbGciOiJIUzI1NiJ9.eyJleHAiOjE2NzA1MDk1NDMsInN1YiI6InJlZnJlc2gtdG9rZW4iLCJ1c2VyaWQiOiJkb2JieV9pc19mcmVlIn0.rvIgGLoQpFGWBfAcZeJckJ9dmd-FFSj-lyrZTT-F2qs, userDto : UserDto [userid=dobby_is_free, username=dobby, userpwd=null, email=dobby@happy.com, joindate=2022-11-24 23:24:40]
[2m2022-11-25 00:34:18.640[0;39m [32mDEBUG[0;39m [35m8928[0;39m [2m---[0;39m [2m[nio-9999-exec-1][0;39m [36mc.s.h.controller.UserController         [0;39m [2m:[0;39m token : eyJ0eXAiOiJKV1QiLCJyZWdEYXRlIjoxNjY5MzA0MDU4NjQwLCJhbGciOiJIUzI1NiJ9.eyJleHAiOjE2NjkzMDQxMTgsInN1YiI6ImFjY2Vzcy10b2tlbiIsInVzZXJpZCI6ImRvYmJ5X2lzX2ZyZWUifQ.XtM2kBCKntNwJ9hyK5odtzkSjKACEmG2cZPliFthZHc
[2m2022-11-25 00:34:18.641[0;39m [32mDEBUG[0;39m [35m8928[0;39m [2m---[0;39m [2m[nio-9999-exec-1][0;39m [36mc.s.h.controller.UserController         [0;39m [2m:[0;39m 정상적으로 액세스토큰 재발급!!!
[2m2022-11-25 00:34:18.767[0;39m [32m INFO[0;39m [35m8928[0;39m [2m---[0;39m [2m[nio-9999-exec-4][0;39m [36mc.s.h.controller.BoardController        [0;39m [2m:[0;39m listUserArticle - 호출
[2m2022-11-25 00:34:18.769[0;39m [32mDEBUG[0;39m [35m8928[0;39m [2m---[0;39m [2m[nio-9999-exec-6][0;39m [36mc.s.h.controller.CommentController      [0;39m [2m:[0;39m getUserComment - 호출
[2m2022-11-25 00:34:22.841[0;39m [32m INFO[0;39m [35m8928[0;39m [2m---[0;39m [2m[nio-9999-exec-3][0;39m [36mc.s.h.controller.BoardController        [0;39m [2m:[0;39m listArticle - 호출
[2m2022-11-25 00:34:22.841[0;39m [32m INFO[0;39m [35m8928[0;39m [2m---[0;39m [2m[nio-9999-exec-3][0;39m [36mc.s.h.controller.BoardController        [0;39m [2m:[0;39m boardParameterDto:BoardParameterDto [pg=1, spp=20, start=0, key=, word=]
[2m2022-11-25 00:34:26.040[0;39m [32m INFO[0;39m [35m8928[0;39m [2m---[0;39m [2m[nio-9999-exec-9][0;39m [36mc.s.h.controller.AdminController        [0;39m [2m:[0;39m listNotice - 호출
[2m2022-11-25 00:34:26.040[0;39m [32m INFO[0;39m [35m8928[0;39m [2m---[0;39m [2m[nio-9999-exec-9][0;39m [36mc.s.h.controller.AdminController        [0;39m [2m:[0;39m boardParameterDto:BoardParameterDto [pg=1, spp=20, start=0, key=, word=]
[2m2022-11-25 00:34:26.046[0;39m [32m INFO[0;39m [35m8928[0;39m [2m---[0;39m [2m[nio-9999-exec-9][0;39m [36mc.s.h.controller.UserController         [0;39m [2m:[0;39m [BoardDto [articleno=8, userid=admin, subject=뷰와 스프링부트를 이용한 실전 프로젝트, content=프로젝트를 직접만드는 내용., hit=0, regtime=22.11.24], BoardDto [articleno=5, userid=admin, subject=공지사항, content=긴급 업데이트 안내, hit=4, regtime=22.11.24], BoardDto [articleno=3, userid=admin, subject=뷰와 스프링부트를 이용한 실전 프로젝트, content=프로젝트를 직접만드는 내용., hit=1, regtime=22.11.18]]
[2m2022-11-25 00:34:26.047[0;39m [32m INFO[0;39m [35m8928[0;39m [2m---[0;39m [2m[nio-9999-exec-9][0;39m [36mc.s.h.controller.UserController         [0;39m [2m:[0;39m 3
[2m2022-11-25 00:34:27.782[0;39m [32m INFO[0;39m [35m8928[0;39m [2m---[0;39m [2m[nio-9999-exec-5][0;39m [36mc.s.h.controller.BoardController        [0;39m [2m:[0;39m listArticle - 호출
[2m2022-11-25 00:34:27.782[0;39m [32m INFO[0;39m [35m8928[0;39m [2m---[0;39m [2m[nio-9999-exec-5][0;39m [36mc.s.h.controller.BoardController        [0;39m [2m:[0;39m boardParameterDto:BoardParameterDto [pg=1, spp=20, start=0, key=, word=]
[2m2022-11-25 00:34:28.456[0;39m [32m INFO[0;39m [35m8928[0;39m [2m---[0;39m [2m[io-9999-exec-10][0;39m [36mc.s.h.controller.AdminController        [0;39m [2m:[0;39m listNotice - 호출
[2m2022-11-25 00:34:28.456[0;39m [32m INFO[0;39m [35m8928[0;39m [2m---[0;39m [2m[io-9999-exec-10][0;39m [36mc.s.h.controller.AdminController        [0;39m [2m:[0;39m boardParameterDto:BoardParameterDto [pg=1, spp=20, start=0, key=, word=]
[2m2022-11-25 00:34:28.459[0;39m [32m INFO[0;39m [35m8928[0;39m [2m---[0;39m [2m[io-9999-exec-10][0;39m [36mc.s.h.controller.UserController         [0;39m [2m:[0;39m [BoardDto [articleno=8, userid=admin, subject=뷰와 스프링부트를 이용한 실전 프로젝트, content=프로젝트를 직접만드는 내용., hit=0, regtime=22.11.24], BoardDto [articleno=5, userid=admin, subject=공지사항, content=긴급 업데이트 안내, hit=4, regtime=22.11.24], BoardDto [articleno=3, userid=admin, subject=뷰와 스프링부트를 이용한 실전 프로젝트, content=프로젝트를 직접만드는 내용., hit=1, regtime=22.11.18]]
[2m2022-11-25 00:34:28.459[0;39m [32m INFO[0;39m [35m8928[0;39m [2m---[0;39m [2m[io-9999-exec-10][0;39m [36mc.s.h.controller.UserController         [0;39m [2m:[0;39m 3
[2m2022-11-25 00:35:26.117[0;39m [32m INFO[0;39m [35m8928[0;39m [2m---[0;39m [2m[nio-9999-exec-4][0;39m [36mc.s.h.controller.HouseMapController     [0;39m [2m:[0;39m sido - 호출[SidoGugunCodeDto [regionCode=11, regionName=서울특별시], SidoGugunCodeDto [regionCode=26, regionName=부산광역시], SidoGugunCodeDto [regionCode=27, regionName=대구광역시], SidoGugunCodeDto [regionCode=28, regionName=인천광역시], SidoGugunCodeDto [regionCode=29, regionName=광주광역시], SidoGugunCodeDto [regionCode=30, regionName=대전광역시], SidoGugunCodeDto [regionCode=31, regionName=울산광역시], SidoGugunCodeDto [regionCode=36, regionName=세종특별자치시], SidoGugunCodeDto [regionCode=41, regionName=경기도], SidoGugunCodeDto [regionCode=42, regionName=강원도], SidoGugunCodeDto [regionCode=43, regionName=충청북도], SidoGugunCodeDto [regionCode=44, regionName=충청남도], SidoGugunCodeDto [regionCode=45, regionName=전라북도], SidoGugunCodeDto [regionCode=46, regionName=전라남도], SidoGugunCodeDto [regionCode=47, regionName=경상북도], SidoGugunCodeDto [regionCode=48, regionName=경상남도], SidoGugunCodeDto [regionCode=50, regionName=제주특별자치도]]
[2m2022-11-25 00:35:30.123[0;39m [32m INFO[0;39m [35m8928[0;39m [2m---[0;39m [2m[nio-9999-exec-6][0;39m [36mc.s.h.controller.UserController         [0;39m [2m:[0;39m listQnA - 호출
[2m2022-11-25 00:35:30.124[0;39m [32m INFO[0;39m [35m8928[0;39m [2m---[0;39m [2m[nio-9999-exec-6][0;39m [36mc.s.h.controller.UserController         [0;39m [2m:[0;39m boardParameterDto:BoardParameterDto [pg=1, spp=20, start=0, key=, word=]
[2m2022-11-25 00:35:30.918[0;39m [32m INFO[0;39m [35m8928[0;39m [2m---[0;39m [2m[nio-9999-exec-3][0;39m [36mc.s.h.controller.BoardController        [0;39m [2m:[0;39m listArticle - 호출
[2m2022-11-25 00:35:30.918[0;39m [32m INFO[0;39m [35m8928[0;39m [2m---[0;39m [2m[nio-9999-exec-3][0;39m [36mc.s.h.controller.BoardController        [0;39m [2m:[0;39m boardParameterDto:BoardParameterDto [pg=1, spp=20, start=0, key=, word=]
[2m2022-11-25 00:35:33.037[0;39m [32m INFO[0;39m [35m8928[0;39m [2m---[0;39m [2m[nio-9999-exec-2][0;39m [36mc.s.h.controller.BoardController        [0;39m [2m:[0;39m listArticle - 호출
[2m2022-11-25 00:35:33.037[0;39m [32m INFO[0;39m [35m8928[0;39m [2m---[0;39m [2m[nio-9999-exec-2][0;39m [36mc.s.h.controller.BoardController        [0;39m [2m:[0;39m boardParameterDto:BoardParameterDto [pg=1, spp=20, start=0, key=, word=]
[2m2022-11-25 00:35:39.240[0;39m [32m INFO[0;39m [35m8928[0;39m [2m---[0;39m [2m[nio-9999-exec-9][0;39m [36mc.s.h.controller.HouseMapController     [0;39m [2m:[0;39m sido - 호출[SidoGugunCodeDto [regionCode=11, regionName=서울특별시], SidoGugunCodeDto [regionCode=26, regionName=부산광역시], SidoGugunCodeDto [regionCode=27, regionName=대구광역시], SidoGugunCodeDto [regionCode=28, regionName=인천광역시], SidoGugunCodeDto [regionCode=29, regionName=광주광역시], SidoGugunCodeDto [regionCode=30, regionName=대전광역시], SidoGugunCodeDto [regionCode=31, regionName=울산광역시], SidoGugunCodeDto [regionCode=36, regionName=세종특별자치시], SidoGugunCodeDto [regionCode=41, regionName=경기도], SidoGugunCodeDto [regionCode=42, regionName=강원도], SidoGugunCodeDto [regionCode=43, regionName=충청북도], SidoGugunCodeDto [regionCode=44, regionName=충청남도], SidoGugunCodeDto [regionCode=45, regionName=전라북도], SidoGugunCodeDto [regionCode=46, regionName=전라남도], SidoGugunCodeDto [regionCode=47, regionName=경상북도], SidoGugunCodeDto [regionCode=48, regionName=경상남도], SidoGugunCodeDto [regionCode=50, regionName=제주특별자치도]]
[2m2022-11-25 00:35:42.091[0;39m [32m INFO[0;39m [35m8928[0;39m [2m---[0;39m [2m[nio-9999-exec-5][0;39m [36mc.s.h.controller.BoardController        [0;39m [2m:[0;39m listNews - 호출
[2m2022-11-25 00:50:15.061[0;39m [32mDEBUG[0;39m [35m8928[0;39m [2m---[0;39m [2m[nio-9999-exec-8][0;39m [36mc.s.h.controller.UserController         [0;39m [2m:[0;39m 로그인 accessToken 정보 : eyJ0eXAiOiJKV1QiLCJyZWdEYXRlIjoxNjY5MzA1MDE1MDQ5LCJhbGciOiJIUzI1NiJ9.eyJleHAiOjE2NjkzMDUwNzUsInN1YiI6ImFjY2Vzcy10b2tlbiIsInVzZXJpZCI6ImFkbWluIn0.kpQtWI2V06GEyNPYzXfPOYGZMM-DgLW09Sgd4tcG-aY
[2m2022-11-25 00:50:15.061[0;39m [32mDEBUG[0;39m [35m8928[0;39m [2m---[0;39m [2m[nio-9999-exec-8][0;39m [36mc.s.h.controller.UserController         [0;39m [2m:[0;39m 로그인 refreshToken 정보 : eyJ0eXAiOiJKV1QiLCJyZWdEYXRlIjoxNjY5MzA1MDE1MDQ5LCJhbGciOiJIUzI1NiJ9.eyJleHAiOjE2NzA1MTQ2MTUsInN1YiI6InJlZnJlc2gtdG9rZW4iLCJ1c2VyaWQiOiJhZG1pbiJ9.lFRvV93VSqS8yWC9tCUVpiARpA_OsY3Btad6xxv-e2M
[2m2022-11-25 00:50:15.071[0;39m [32m INFO[0;39m [35m8928[0;39m [2m---[0;39m [2m[nio-9999-exec-4][0;39m [36mc.s.h.controller.UserController         [0;39m [2m:[0;39m 사용 가능한 토큰!!!
[2m2022-11-25 00:50:15.088[0;39m [32m INFO[0;39m [35m8928[0;39m [2m---[0;39m [2m[nio-9999-exec-3][0;39m [36mc.s.h.controller.UserController         [0;39m [2m:[0;39m getFavorite - 호출
[2m2022-11-25 00:50:15.091[0;39m [32m INFO[0;39m [35m8928[0;39m [2m---[0;39m [2m[nio-9999-exec-3][0;39m [36mc.s.h.controller.UserController         [0;39m [2m:[0;39m :admin []
[2m2022-11-25 00:55:38.345[0;39m [32m INFO[0;39m [35m8928[0;39m [2m---[0;39m [2m[nio-9999-exec-9][0;39m [36mc.s.h.controller.BoardController        [0;39m [2m:[0;39m listArticle - 호출
[2m2022-11-25 00:55:38.346[0;39m [32m INFO[0;39m [35m8928[0;39m [2m---[0;39m [2m[nio-9999-exec-9][0;39m [36mc.s.h.controller.BoardController        [0;39m [2m:[0;39m boardParameterDto:BoardParameterDto [pg=1, spp=20, start=0, key=, word=]
[2m2022-11-25 00:55:43.831[0;39m [31mERROR[0;39m [35m8928[0;39m [2m---[0;39m [2m[nio-9999-exec-5][0;39m [36mc.s.h.model.service.JwtServiceImpl      [0;39m [2m:[0;39m JWT expired at 2022-11-25T00:51:15Z. Current time: 2022-11-25T00:55:43Z, a difference of 268831 milliseconds.  Allowed clock skew: 0 milliseconds.
[2m2022-11-25 00:55:43.831[0;39m [31mERROR[0;39m [35m8928[0;39m [2m---[0;39m [2m[nio-9999-exec-5][0;39m [36mc.s.h.controller.UserController         [0;39m [2m:[0;39m 사용 불가능 토큰!!!
[2m2022-11-25 00:55:43.838[0;39m [32mDEBUG[0;39m [35m8928[0;39m [2m---[0;39m [2m[io-9999-exec-10][0;39m [36mc.s.h.controller.UserController         [0;39m [2m:[0;39m token : eyJ0eXAiOiJKV1QiLCJyZWdEYXRlIjoxNjY5MzA1MDE1MDQ5LCJhbGciOiJIUzI1NiJ9.eyJleHAiOjE2NzA1MTQ2MTUsInN1YiI6InJlZnJlc2gtdG9rZW4iLCJ1c2VyaWQiOiJhZG1pbiJ9.lFRvV93VSqS8yWC9tCUVpiARpA_OsY3Btad6xxv-e2M, userDto : UserDto [userid=admin, username=관리자, userpwd=null, email=admin@ssafy.com, joindate=2022-11-18 23:08:49]
[2m2022-11-25 00:55:43.840[0;39m [32mDEBUG[0;39m [35m8928[0;39m [2m---[0;39m [2m[io-9999-exec-10][0;39m [36mc.s.h.controller.UserController         [0;39m [2m:[0;39m token : eyJ0eXAiOiJKV1QiLCJyZWdEYXRlIjoxNjY5MzA1MzQzODQwLCJhbGciOiJIUzI1NiJ9.eyJleHAiOjE2NjkzMDU0MDMsInN1YiI6ImFjY2Vzcy10b2tlbiIsInVzZXJpZCI6ImFkbWluIn0.I8VRat-U92G7NKNKVY5KZbwSQcQ840XJLXX7CRN3dlY
[2m2022-11-25 00:55:43.840[0;39m [32mDEBUG[0;39m [35m8928[0;39m [2m---[0;39m [2m[io-9999-exec-10][0;39m [36mc.s.h.controller.UserController         [0;39m [2m:[0;39m 정상적으로 액세스토큰 재발급!!!
[2m2022-11-25 00:55:44.278[0;39m [32m INFO[0;39m [35m8928[0;39m [2m---[0;39m [2m[nio-9999-exec-8][0;39m [36mc.s.h.controller.AdminController        [0;39m [2m:[0;39m listUser - 호출
[2m2022-11-25 00:55:44.278[0;39m [32m INFO[0;39m [35m8928[0;39m [2m---[0;39m [2m[nio-9999-exec-8][0;39m [36mc.s.h.controller.AdminController        [0;39m [2m:[0;39m boardParameterDto:BoardParameterDto [pg=1, spp=20, start=0, key=, word=]
